[2024-11-17T14:25:40.090+0000] {taskinstance.py:1159} INFO - Dependencies all met for dep_context=non-requeueable deps ti=<TaskInstance: currency_exchange_pipeline.currency_exchange_extraction scheduled__2024-11-16T00:00:00+00:00 [queued]>
[2024-11-17T14:25:40.115+0000] {taskinstance.py:1159} INFO - Dependencies all met for dep_context=requeueable deps ti=<TaskInstance: currency_exchange_pipeline.currency_exchange_extraction scheduled__2024-11-16T00:00:00+00:00 [queued]>
[2024-11-17T14:25:40.116+0000] {taskinstance.py:1361} INFO - Starting attempt 1 of 1
[2024-11-17T14:25:40.160+0000] {taskinstance.py:1382} INFO - Executing <Task(PythonOperator): currency_exchange_extraction> on 2024-11-16 00:00:00+00:00
[2024-11-17T14:25:40.249+0000] {standard_task_runner.py:84} INFO - Running: ['airflow', 'tasks', 'run', 'currency_exchange_pipeline', 'currency_exchange_extraction', 'scheduled__2024-11-16T00:00:00+00:00', '--job-id', '2', '--raw', '--subdir', 'DAGS_FOLDER/currency_exchange_dag.py', '--cfg-path', '/tmp/tmpf2p4vioj']
[2024-11-17T14:25:40.263+0000] {standard_task_runner.py:85} INFO - Job 2: Subtask currency_exchange_extraction
[2024-11-17T14:25:40.264+0000] {standard_task_runner.py:57} INFO - Started process 34 to run task
[2024-11-17T14:25:40.566+0000] {task_command.py:416} INFO - Running <TaskInstance: currency_exchange_pipeline.currency_exchange_extraction scheduled__2024-11-16T00:00:00+00:00 [running]> on host ca54fda2bb7e
[2024-11-17T14:25:40.976+0000] {taskinstance.py:1662} INFO - Exporting env vars: AIRFLOW_CTX_DAG_OWNER='Azeem' AIRFLOW_CTX_DAG_ID='currency_exchange_pipeline' AIRFLOW_CTX_TASK_ID='currency_exchange_extraction' AIRFLOW_CTX_EXECUTION_DATE='2024-11-16T00:00:00+00:00' AIRFLOW_CTX_TRY_NUMBER='1' AIRFLOW_CTX_DAG_RUN_ID='scheduled__2024-11-16T00:00:00+00:00'
[2024-11-17T14:25:41.033+0000] {logging_mixin.py:151} INFO - Error fetching exchange rates: No connection adapters were found for '"https://api.exchangeratesapi.io/v1/latest"'
[2024-11-17T14:25:41.110+0000] {local_task_job_runner.py:228} INFO - Task exited with return code 1
[2024-11-17T14:25:41.278+0000] {taskinstance.py:2778} INFO - 0 downstream tasks scheduled from follow-on schedule check
[2024-11-17T14:44:17.178+0000] {taskinstance.py:1159} INFO - Dependencies all met for dep_context=non-requeueable deps ti=<TaskInstance: currency_exchange_pipeline.currency_exchange_extraction scheduled__2024-11-16T00:00:00+00:00 [queued]>
[2024-11-17T14:44:17.233+0000] {taskinstance.py:1159} INFO - Dependencies all met for dep_context=requeueable deps ti=<TaskInstance: currency_exchange_pipeline.currency_exchange_extraction scheduled__2024-11-16T00:00:00+00:00 [queued]>
[2024-11-17T14:44:17.236+0000] {taskinstance.py:1361} INFO - Starting attempt 1 of 1
[2024-11-17T14:44:17.311+0000] {taskinstance.py:1382} INFO - Executing <Task(PythonOperator): currency_exchange_extraction> on 2024-11-16 00:00:00+00:00
[2024-11-17T14:44:17.338+0000] {standard_task_runner.py:57} INFO - Started process 80 to run task
[2024-11-17T14:44:17.396+0000] {standard_task_runner.py:84} INFO - Running: ['airflow', 'tasks', 'run', 'currency_exchange_pipeline', 'currency_exchange_extraction', 'scheduled__2024-11-16T00:00:00+00:00', '--job-id', '12', '--raw', '--subdir', 'DAGS_FOLDER/currency_exchange_dag.py', '--cfg-path', '/tmp/tmpcqj88iov']
[2024-11-17T14:44:17.410+0000] {standard_task_runner.py:85} INFO - Job 12: Subtask currency_exchange_extraction
[2024-11-17T14:44:17.685+0000] {task_command.py:416} INFO - Running <TaskInstance: currency_exchange_pipeline.currency_exchange_extraction scheduled__2024-11-16T00:00:00+00:00 [running]> on host ca54fda2bb7e
[2024-11-17T14:44:18.095+0000] {taskinstance.py:1662} INFO - Exporting env vars: AIRFLOW_CTX_DAG_OWNER='Azeem' AIRFLOW_CTX_DAG_ID='currency_exchange_pipeline' AIRFLOW_CTX_TASK_ID='currency_exchange_extraction' AIRFLOW_CTX_EXECUTION_DATE='2024-11-16T00:00:00+00:00' AIRFLOW_CTX_TRY_NUMBER='1' AIRFLOW_CTX_DAG_RUN_ID='scheduled__2024-11-16T00:00:00+00:00'
[2024-11-17T14:44:19.201+0000] {logging_mixin.py:151} INFO - Connected to Exchange Rates API with fallback base (EUR).
[2024-11-17T14:44:19.224+0000] {logging_mixin.py:151} INFO - Data successfully saved to /opt/airflow/data/output/currency_exchange_20241117.csv
[2024-11-17T14:44:19.224+0000] {python.py:194} INFO - Done. Returned value was: /opt/airflow/data/output/currency_exchange_20241117.csv
[2024-11-17T14:44:19.274+0000] {taskinstance.py:1400} INFO - Marking task as SUCCESS. dag_id=currency_exchange_pipeline, task_id=currency_exchange_extraction, execution_date=20241116T000000, start_date=20241117T144417, end_date=20241117T144419
[2024-11-17T14:44:19.349+0000] {local_task_job_runner.py:228} INFO - Task exited with return code 0
[2024-11-17T14:44:19.420+0000] {taskinstance.py:2778} INFO - 1 downstream tasks scheduled from follow-on schedule check
